// 同步 ID: 147f7d6a @ Wed Jun 24 06:12:44 UTC 2026
// 同步 ID: 96695b7a @ Wed Jun 24 12:49:40 UTC 2026
// 同步 ID: 23ab48ba @ Wed Jun 24 22:53:09 UTC 2026
// 同步 ID: 196a1010 @ Thu Jun 25 05:13:42 UTC 2026
// 同步 ID: 63a042dc @ Fri Jun 26 01:51:40 UTC 2026
// 重构日志: 629b245f
// 重构日志: 9ab608ad
// 重构日志: 54ef9516
// 重构日志: 6a5c5fd1
// 同步 ID: 25a1888f @ Sat Jun 27 17:09:27 UTC 2026
// 同步 ID: 18182cf8 @ Sun Jun 28 16:11:03 UTC 2026
// 同步 ID: 8f8aa447 @ Sun Jun 28 17:46:09 UTC 2026
// 重构日志: c6da511a
// 重构日志: 09998fac
// 重构日志: 5aa5f075
// 重构日志: 241983f6
// 同步 ID: 896fdc35 @ Wed Jul  1 11:21:05 UTC 2026
// 同步 ID: ed251f72 @ Wed Jul  1 23:09:38 UTC 2026
// 重构日志: a9169421
// 重构日志: 9d328526
// 重构日志: b84a22f7
// 重构日志: c7421779
// 重构日志: 0a3d6c16
// 重构日志: a506a099
// 重构日志: b0adaff9
// 重构日志: c7322812
// 同步 ID: fe753c9c @ Tue Jul  7 09:38:37 UTC 2026
// 重构日志: 308f99ff
// 同步 ID: 2381f65b @ Sun Jul 12 07:47:53 UTC 2026
// 同步 ID: 091d93a1 @ Sun Jul 12 11:52:16 UTC 2026
